[01:49:19] [main/INFO]: Loading Minecraft 1.20.1 with Fabric Loader 0.16.3
[01:49:19] [main/INFO]: Loading 4 mods:
	- fabricloader 0.16.3
	   \-- mixinextras 0.4.1
	- java 17
	- minecraft 1.20.1
[01:49:19] [main/INFO]: SpongePowered MIXIN Subsystem Version=0.8.7 Source=file:/workspaces/refactored-succotash/servidor_minecraft/libraries/net/fabricmc/sponge-mixin/0.15.2+mixin.0.8.7/sponge-mixin-0.15.2+mixin.0.8.7.jar Service=Knot/Fabric Env=SERVER
[01:49:25] [main/INFO]: Environment: authHost='https://authserver.mojang.com', accountsHost='https://api.mojang.com', sessionHost='https://sessionserver.mojang.com', servicesHost='https://api.minecraftservices.com', name='PROD'
[01:49:26] [main/INFO]: Loaded 7 recipes
[01:49:26] [main/INFO]: Loaded 1271 advancements
[01:49:27] [Server thread/INFO]: Starting minecraft server version 1.20.1
[01:49:27] [Server thread/INFO]: Loading properties
[01:49:27] [Server thread/INFO]: Default game type: SURVIVAL
[01:49:27] [Server thread/INFO]: Generating keypair
[01:49:27] [Server thread/INFO]: Starting Minecraft server on *:25565
[01:49:27] [Server thread/INFO]: Using epoll channel type
[01:49:27] [Server thread/WARN]: **** SERVER IS RUNNING IN OFFLINE/INSECURE MODE!
[01:49:27] [Server thread/WARN]: The server will make no attempt to authenticate usernames. Beware.
[01:49:27] [Server thread/WARN]: While this makes the game possible to play without internet access, it also opens up the ability for hackers to connect with any username they choose.
[01:49:27] [Server thread/WARN]: To change this, set "online-mode" to "true" in the server.properties file.
[01:49:27] [Server thread/INFO]: Preparing level "world"
[01:49:33] [Server thread/INFO]: Preparing start region for dimension minecraft:overworld
[01:49:33] [Worker-Main-2/INFO]: Preparing spawn area: 0%
[01:49:33] [Worker-Main-1/INFO]: Preparing spawn area: 0%
[01:49:34] [Worker-Main-3/INFO]: Preparing spawn area: 0%
[01:49:34] [Worker-Main-2/INFO]: Preparing spawn area: 0%
[01:49:35] [Worker-Main-2/INFO]: Preparing spawn area: 0%
[01:49:35] [Worker-Main-3/INFO]: Preparing spawn area: 1%
[01:49:36] [Worker-Main-3/INFO]: Preparing spawn area: 1%
[01:49:36] [Worker-Main-3/INFO]: Preparing spawn area: 2%
[01:49:37] [Worker-Main-2/INFO]: Preparing spawn area: 3%
[01:49:37] [Worker-Main-1/INFO]: Preparing spawn area: 4%
[01:49:38] [Worker-Main-3/INFO]: Preparing spawn area: 6%
[01:49:38] [Worker-Main-1/INFO]: Preparing spawn area: 8%
[01:49:39] [Worker-Main-2/INFO]: Preparing spawn area: 10%
[01:49:39] [Worker-Main-1/INFO]: Preparing spawn area: 11%
[01:49:40] [Worker-Main-1/INFO]: Preparing spawn area: 14%
[01:49:40] [Worker-Main-1/INFO]: Preparing spawn area: 15%
[01:49:41] [Worker-Main-2/INFO]: Preparing spawn area: 16%
[01:49:41] [Worker-Main-3/INFO]: Preparing spawn area: 19%
[01:49:42] [Worker-Main-1/INFO]: Preparing spawn area: 22%
[01:49:42] [Worker-Main-3/INFO]: Preparing spawn area: 24%
[01:49:43] [Worker-Main-2/INFO]: Preparing spawn area: 26%
[01:49:43] [Worker-Main-2/INFO]: Preparing spawn area: 28%
[01:49:44] [Worker-Main-3/INFO]: Preparing spawn area: 31%
[01:49:44] [Worker-Main-1/INFO]: Preparing spawn area: 33%
[01:49:45] [Worker-Main-3/INFO]: Preparing spawn area: 34%
[01:49:45] [Worker-Main-2/INFO]: Preparing spawn area: 36%
[01:49:46] [Worker-Main-2/INFO]: Preparing spawn area: 38%
[01:49:46] [Worker-Main-1/INFO]: Preparing spawn area: 41%
[01:49:47] [Worker-Main-1/INFO]: Preparing spawn area: 43%
[01:49:47] [Worker-Main-1/INFO]: Preparing spawn area: 46%
[01:49:48] [Worker-Main-1/INFO]: Preparing spawn area: 47%
[01:49:48] [Worker-Main-1/INFO]: Preparing spawn area: 50%
[01:49:49] [Worker-Main-2/INFO]: Preparing spawn area: 53%
[01:49:49] [Worker-Main-2/INFO]: Preparing spawn area: 55%
[01:49:50] [Worker-Main-3/INFO]: Preparing spawn area: 58%
[01:49:50] [Worker-Main-1/INFO]: Preparing spawn area: 60%
[01:49:51] [Worker-Main-3/INFO]: Preparing spawn area: 63%
[01:49:51] [Worker-Main-1/INFO]: Preparing spawn area: 67%
[01:49:52] [Worker-Main-2/INFO]: Preparing spawn area: 69%
[01:49:52] [Worker-Main-2/INFO]: Preparing spawn area: 71%
[01:49:53] [Worker-Main-1/INFO]: Preparing spawn area: 74%
[01:49:53] [Worker-Main-3/INFO]: Preparing spawn area: 77%
[01:49:54] [Worker-Main-1/INFO]: Preparing spawn area: 80%
[01:49:54] [Worker-Main-2/INFO]: Preparing spawn area: 83%
[01:49:55] [Worker-Main-1/INFO]: Preparing spawn area: 86%
[01:49:55] [Worker-Main-2/INFO]: Preparing spawn area: 88%
[01:49:56] [Worker-Main-3/INFO]: Preparing spawn area: 92%
[01:49:56] [Worker-Main-3/INFO]: Preparing spawn area: 95%
[01:49:57] [Worker-Main-1/INFO]: Preparing spawn area: 99%
[01:49:57] [Server thread/INFO]: Time elapsed: 24024 ms
[01:49:57] [Server thread/INFO]: Done (29.641s)! For help, type "help"
[01:53:10] [Server thread/INFO]: XD[/192.168.192.6:26864] logged in with entity id 408 at (2.5, 76.0, 5.5)
[01:53:10] [Server thread/INFO]: XD joined the game
[01:54:06] [Server thread/INFO]: XD lost connection: Disconnected
[01:54:06] [Server thread/INFO]: XD left the game
